0 info it worked if it ends with ok
1 verbose cli [ '/usr/local/nvm/versions/node/v4.0.0/bin/node',
1 verbose cli   '/usr/local/nvm/versions/node/v4.0.0/bin/npm',
1 verbose cli   'start' ]
2 info using npm@2.14.2
3 info using node@v4.0.0
4 verbose run-script [ 'prestart', 'start', 'poststart' ]
5 info prestart temporalize-ui@0.1.0
6 verbose unsafe-perm in lifecycle true
7 info temporalize-ui@0.1.0 Failed to exec prestart script
8 verbose stack Error: temporalize-ui@0.1.0 prestart: `webpack-dev-server --config webpack-dev-server.config.js --progress --colors --inline`
8 verbose stack Exit status 1
8 verbose stack     at EventEmitter.<anonymous> (/usr/local/nvm/versions/node/v4.0.0/lib/node_modules/npm/lib/utils/lifecycle.js:214:16)
8 verbose stack     at emitTwo (events.js:87:13)
8 verbose stack     at EventEmitter.emit (events.js:172:7)
8 verbose stack     at ChildProcess.<anonymous> (/usr/local/nvm/versions/node/v4.0.0/lib/node_modules/npm/lib/utils/spawn.js:24:14)
8 verbose stack     at emitTwo (events.js:87:13)
8 verbose stack     at ChildProcess.emit (events.js:172:7)
8 verbose stack     at maybeClose (internal/child_process.js:817:16)
8 verbose stack     at Process.ChildProcess._handle.onexit (internal/child_process.js:211:5)
9 verbose pkgid temporalize-ui@0.1.0
10 verbose cwd /Users/Larry/Google Drive/Projects/lumenize-ui
11 error Darwin 15.3.0
12 error argv "/usr/local/nvm/versions/node/v4.0.0/bin/node" "/usr/local/nvm/versions/node/v4.0.0/bin/npm" "start"
13 error node v4.0.0
14 error npm  v2.14.2
15 error code ELIFECYCLE
16 error temporalize-ui@0.1.0 prestart: `webpack-dev-server --config webpack-dev-server.config.js --progress --colors --inline`
16 error Exit status 1
17 error Failed at the temporalize-ui@0.1.0 prestart script 'webpack-dev-server --config webpack-dev-server.config.js --progress --colors --inline'.
17 error This is most likely a problem with the temporalize-ui package,
17 error not with npm itself.
17 error Tell the author that this fails on your system:
17 error     webpack-dev-server --config webpack-dev-server.config.js --progress --colors --inline
17 error You can get their info via:
17 error     npm owner ls temporalize-ui
17 error There is likely additional logging output above.
18 verbose exit [ 1, true ]
